Using pre-set license
Built from '2020.3/staging' branch; Version is '2020.3.10f1 (297d780c91bc) revision 2719096'; Using compiler version '192528614'; Build Type 'Release'
OS: 'Windows 10 Home; OS build 19043.1083; Version 2009; 64bit' Language: 'en' Physical Memory: 16318 MB
BatchMode: 1, IsHumanControllingUs: 0, StartBugReporterOnCrash: 0, Is64bit: 1, IsPro: 0

 COMMAND LINE ARGUMENTS:
C:\Program Files\Unity\Hub\Editor\2020.3.10f1\Editor\Unity.exe
-adb2
-batchMode
-noUpm
-name
AssetImportWorker0
-projectPath
C:/Users/Jarret/Desktop/Unity Projects/Zelda-Like-Game
-logFile
Logs/AssetImportWorker0.log
-srvPort
61073
Successfully changed project path to: C:/Users/Jarret/Desktop/Unity Projects/Zelda-Like-Game
C:/Users/Jarret/Desktop/Unity Projects/Zelda-Like-Game
Using Asset Import Pipeline V2.
Refreshing native plugins compatible for Editor in 47.80 ms, found 2 plugins.
Preloading 0 native plugins for Editor in 0.00 ms.
Initialize engine version: 2020.3.10f1 (297d780c91bc)
[Subsystems] Discovering subsystems at path C:/Program Files/Unity/Hub/Editor/2020.3.10f1/Editor/Data/Resources/UnitySubsystems
[Subsystems] Discovering subsystems at path C:/Users/Jarret/Desktop/Unity Projects/Zelda-Like-Game/Assets
GfxDevice: creating device client; threaded=0
Direct3D:
    Version:  Direct3D 11.0 [level 11.1]
    Renderer: NVIDIA GeForce RTX 2070 SUPER (ID=0x1e84)
    Vendor:   
    VRAM:     8011 MB
    Driver:   30.0.14.7111
Shader 'Universal Render Pipeline/Particles/Lit': fallback shader 'Universal Render Pipeline/Particles/SimpleLit' not found
Initialize mono
Mono path[0] = 'C:/Program Files/Unity/Hub/Editor/2020.3.10f1/Editor/Data/Managed'
Mono path[1] = 'C:/Program Files/Unity/Hub/Editor/2020.3.10f1/Editor/Data/MonoBleedingEdge/lib/mono/unityjit'
Mono config path = 'C:/Program Files/Unity/Hub/Editor/2020.3.10f1/Editor/Data/MonoBleedingEdge/etc'
Using monoOptions --debugger-agent=transport=dt_socket,embedding=1,server=y,suspend=n,address=127.0.0.1:56144
Begin MonoManager ReloadAssembly
Registering precompiled unity dll's ...
Register platform support module: C:/Program Files/Unity/Hub/Editor/2020.3.10f1/Editor/Data/PlaybackEngines/WindowsStandaloneSupport/UnityEditor.WindowsStandalone.Extensions.dll
Registered in 0.001414 seconds.
Native extension for WindowsStandalone target not found
Refreshing native plugins compatible for Editor in 46.04 ms, found 2 plugins.
Preloading 0 native plugins for Editor in 0.00 ms.
Mono: successfully reloaded assembly
- Completed reload, in  0.818 seconds
Platform modules already initialized, skipping
Registering precompiled user dll's ...
Registered in 0.003276 seconds.
Begin MonoManager ReloadAssembly
Native extension for WindowsStandalone target not found
Refreshing native plugins compatible for Editor in 47.50 ms, found 2 plugins.
Preloading 0 native plugins for Editor in 0.00 ms.
Mono: successfully reloaded assembly
- Completed reload, in  0.890 seconds
Platform modules already initialized, skipping
========================================================================
Worker process is ready to serve import requests
Shader 'Universal Render Pipeline/Particles/Lit': fallback shader 'Universal Render Pipeline/Particles/SimpleLit' not found
Launched and connected shader compiler UnityShaderCompiler.exe after 0.03 seconds
Refreshing native plugins compatible for Editor in 0.52 ms, found 2 plugins.
Preloading 0 native plugins for Editor in 0.00 ms.
Unloading 2791 Unused Serialized files (Serialized files now loaded: 0)
System memory in use before: 147.8 MB.
System memory in use after: 148.0 MB.

Unloading 22 unused Assets to reduce memory usage. Loaded Objects now: 3253.
Total: 1.949900 ms (FindLiveObjects: 0.201200 ms CreateObjectMapping: 0.098700 ms MarkObjects: 1.632600 ms  DeleteObjects: 0.016700 ms)

========================================================================
Received Import Request.
  path: Assets/Prefabs/AreaTransitions NS.prefab
  artifactKey: Guid(0a397ab5eb7baa840bc9492824ba9b9b) Importer(815301076,1909f56bfc062723c751e8b465ee728b)
Start importing Assets/Prefabs/AreaTransitions NS.prefab using Guid(0a397ab5eb7baa840bc9492824ba9b9b) Importer(815301076,1909f56bfc062723c751e8b465ee728b)  -> (artifact id: '03b971f23876d7068df6affdc98d3974') in 0.034661 seconds
  Import took 0.038862 seconds .

========================================================================
Received Import Request.
  Time since last request: 0.000202 seconds.
  path: Assets/Prefabs/AreaTransitions EW.prefab
  artifactKey: Guid(3ee2b5782665ed8408bf4b3e21921645) Importer(815301076,1909f56bfc062723c751e8b465ee728b)
Start importing Assets/Prefabs/AreaTransitions EW.prefab using Guid(3ee2b5782665ed8408bf4b3e21921645) Importer(815301076,1909f56bfc062723c751e8b465ee728b)  -> (artifact id: 'e9a331c4ec1ba4289fc357f5be2d2226') in 0.005620 seconds
  Import took 0.009582 seconds .

========================================================================
Received Import Request.
  Time since last request: 2.432069 seconds.
  path: Assets/Prefabs/BridgeColliders.prefab
  artifactKey: Guid(01b89153f99c6a24e8cc64e56f56af05) Importer(815301076,1909f56bfc062723c751e8b465ee728b)
Start importing Assets/Prefabs/BridgeColliders.prefab using Guid(01b89153f99c6a24e8cc64e56f56af05) Importer(815301076,1909f56bfc062723c751e8b465ee728b)  -> (artifact id: '4b16c34e64c04011281897d8fc082b86') in 0.005945 seconds
  Import took 0.010156 seconds .

========================================================================
Received Import Request.
  Time since last request: 12.511612 seconds.
  path: Assets/Prefabs/EnemySpawnController.prefab
  artifactKey: Guid(f840d89937099a741a575c2b83bd23d8) Importer(815301076,1909f56bfc062723c751e8b465ee728b)
Start importing Assets/Prefabs/EnemySpawnController.prefab using Guid(f840d89937099a741a575c2b83bd23d8) Importer(815301076,1909f56bfc062723c751e8b465ee728b)  -> (artifact id: 'a2ef4127ab9309e6d820efba8cd36c72') in 0.006404 seconds
  Import took 0.010795 seconds .

========================================================================
Received Import Request.
  Time since last request: 0.001584 seconds.
  path: Assets/Prefabs/EnemySpawnController.prefab
  artifactKey: Guid(f840d89937099a741a575c2b83bd23d8) Importer(815301076,1909f56bfc062723c751e8b465ee728b)
Start importing Assets/Prefabs/EnemySpawnController.prefab using Guid(f840d89937099a741a575c2b83bd23d8) Importer(815301076,1909f56bfc062723c751e8b465ee728b)  -> (artifact id: 'a2ef4127ab9309e6d820efba8cd36c72') in 0.002678 seconds
  Import took 0.006213 seconds .

========================================================================
Received Import Request.
  Time since last request: 3.294676 seconds.
  path: Assets/Prefabs/GameManager.prefab
  artifactKey: Guid(51769a067a6677844945d411b2e401a7) Importer(815301076,1909f56bfc062723c751e8b465ee728b)
Start importing Assets/Prefabs/GameManager.prefab using Guid(51769a067a6677844945d411b2e401a7) Importer(815301076,1909f56bfc062723c751e8b465ee728b)  -> (artifact id: 'af429bb1327a62755274fe9250d62e15') in 0.006766 seconds
  Import took 0.011256 seconds .

========================================================================
Received Import Request.
  Time since last request: 0.001463 seconds.
  path: Assets/Prefabs/GameManager.prefab
  artifactKey: Guid(51769a067a6677844945d411b2e401a7) Importer(815301076,1909f56bfc062723c751e8b465ee728b)
Start importing Assets/Prefabs/GameManager.prefab using Guid(51769a067a6677844945d411b2e401a7) Importer(815301076,1909f56bfc062723c751e8b465ee728b)  -> (artifact id: 'af429bb1327a62755274fe9250d62e15') in 0.002624 seconds
  Import took 0.006920 seconds .

========================================================================
Received Import Request.
  Time since last request: 2.288447 seconds.
  path: Assets/Prefabs/Link.prefab
  artifactKey: Guid(6bcfe87c7db3ad3499408c01ce4159d5) Importer(815301076,1909f56bfc062723c751e8b465ee728b)
Start importing Assets/Prefabs/Link.prefab using Guid(6bcfe87c7db3ad3499408c01ce4159d5) Importer(815301076,1909f56bfc062723c751e8b465ee728b)  -> (artifact id: '2de8dfdce4c3e0112a1cdd9adae41189') in 0.176002 seconds
  Import took 0.181367 seconds .

========================================================================
Received Import Request.
  Time since last request: 104.368147 seconds.
  path: Assets/Prefabs/Link.prefab
  artifactKey: Guid(6bcfe87c7db3ad3499408c01ce4159d5) Importer(815301076,1909f56bfc062723c751e8b465ee728b)
Start importing Assets/Prefabs/Link.prefab using Guid(6bcfe87c7db3ad3499408c01ce4159d5) Importer(815301076,1909f56bfc062723c751e8b465ee728b)  -> (artifact id: '1f2abdc85fda51282d5464a6dfee63c8') in 0.019388 seconds
  Import took 0.024254 seconds .

========================================================================
Received Import Request.
  Time since last request: 3.763846 seconds.
  path: Assets/Music/Link.prefab
  artifactKey: Guid(461cebba272650f4fbdfc19dc1e08633) Importer(815301076,1909f56bfc062723c751e8b465ee728b)
Start importing Assets/Music/Link.prefab using Guid(461cebba272650f4fbdfc19dc1e08633) Importer(815301076,1909f56bfc062723c751e8b465ee728b)  -> (artifact id: 'e6dae1d57b19f33fa4dc230891583ff7') in 0.021197 seconds
  Import took 0.025845 seconds .

========================================================================
Received Import Request.
  Time since last request: 31.978707 seconds.
  path: Assets/Scripts/UI&Managers/PlayerStats.cs
  artifactKey: Guid(458c8d440a4978340b2f531923229a91) Importer(815301076,1909f56bfc062723c751e8b465ee728b)
Start importing Assets/Scripts/UI&Managers/PlayerStats.cs using Guid(458c8d440a4978340b2f531923229a91) Importer(815301076,1909f56bfc062723c751e8b465ee728b)  -> (artifact id: '2db1ee33d2ce952d3819054790114943') in 0.012456 seconds
  Import took 0.016285 seconds .

========================================================================
Received Import Request.
  Time since last request: 55.663940 seconds.
  path: Assets/Scenes/Scene_1.unity
  artifactKey: Guid(2445ffc312de5924f861c67e8d5b19f9) Importer(815301076,1909f56bfc062723c751e8b465ee728b)
Start importing Assets/Scenes/Scene_1.unity using Guid(2445ffc312de5924f861c67e8d5b19f9) Importer(815301076,1909f56bfc062723c751e8b465ee728b)  -> (artifact id: 'f79c5de32554b16fe91b01524d5f4df5') in 0.005725 seconds
  Import took 0.010233 seconds .

========================================================================
Received Import Request.
  Time since last request: 6.098317 seconds.
  path: Assets/Scenes/Cutscene.unity
  artifactKey: Guid(63a4209825c93d44eaec2784dfacce9e) Importer(815301076,1909f56bfc062723c751e8b465ee728b)
Start importing Assets/Scenes/Cutscene.unity using Guid(63a4209825c93d44eaec2784dfacce9e) Importer(815301076,1909f56bfc062723c751e8b465ee728b)  -> (artifact id: '0ecf1f1b6219882813899b0945635c84') in 0.006492 seconds
  Import took 0.011311 seconds .

========================================================================
Received Import Request.
  Time since last request: 12.952618 seconds.
  path: Assets/Prefabs/Link.prefab
  artifactKey: Guid(461cebba272650f4fbdfc19dc1e08633) Importer(815301076,1909f56bfc062723c751e8b465ee728b)
Start importing Assets/Prefabs/Link.prefab using Guid(461cebba272650f4fbdfc19dc1e08633) Importer(815301076,1909f56bfc062723c751e8b465ee728b)  -> (artifact id: '1877045c780e78248439e6927e8a4a1f') in 0.021694 seconds
  Import took 0.026248 seconds .

========================================================================
Received Import Request.
  Time since last request: 11.626513 seconds.
  path: Assets/Scripts/World
  artifactKey: Guid(4b9ae11c226a73747bb7c99709a93e68) Importer(815301076,1909f56bfc062723c751e8b465ee728b)
Start importing Assets/Scripts/World using Guid(4b9ae11c226a73747bb7c99709a93e68) Importer(815301076,1909f56bfc062723c751e8b465ee728b)  -> (artifact id: 'aa0f5c5beba1ed9aab3ade143aa480a5') in 0.006759 seconds
  Import took 0.010800 seconds .

========================================================================
Received Import Request.
  Time since last request: 0.636532 seconds.
  path: Assets/Scripts/UI&Managers/UIManager.cs
  artifactKey: Guid(dd5c73597651b6746bb20ca50a60db95) Importer(815301076,1909f56bfc062723c751e8b465ee728b)
Start importing Assets/Scripts/UI&Managers/UIManager.cs using Guid(dd5c73597651b6746bb20ca50a60db95) Importer(815301076,1909f56bfc062723c751e8b465ee728b)  -> (artifact id: '367c1168bdc61c97ab8b369d16d04711') in 0.006056 seconds
  Import took 0.009883 seconds .

========================================================================
Received Import Request.
  Time since last request: 0.000436 seconds.
  path: Assets/Scripts/UI&Managers/UIManager.cs
  artifactKey: Guid(dd5c73597651b6746bb20ca50a60db95) Importer(815301076,1909f56bfc062723c751e8b465ee728b)
Start importing Assets/Scripts/UI&Managers/UIManager.cs using Guid(dd5c73597651b6746bb20ca50a60db95) Importer(815301076,1909f56bfc062723c751e8b465ee728b)  -> (artifact id: '367c1168bdc61c97ab8b369d16d04711') in 0.001749 seconds
  Import took 0.005330 seconds .

========================================================================
Received Import Request.
  Time since last request: 83.940459 seconds.
  path: Assets/Scripts/World/CameraController.cs
  artifactKey: Guid(427ffa51e74864f428ab34b98ce07668) Importer(815301076,1909f56bfc062723c751e8b465ee728b)
Start importing Assets/Scripts/World/CameraController.cs using Guid(427ffa51e74864f428ab34b98ce07668) Importer(815301076,1909f56bfc062723c751e8b465ee728b)  -> (artifact id: '8d82b8c2b95b5dd644314abf3f7676e9') in 0.005532 seconds
  Import took 0.009895 seconds .

========================================================================
Received Import Request.
  Time since last request: 0.000777 seconds.
  path: Assets/Scripts/World/CameraController.cs
  artifactKey: Guid(427ffa51e74864f428ab34b98ce07668) Importer(815301076,1909f56bfc062723c751e8b465ee728b)
Start importing Assets/Scripts/World/CameraController.cs using Guid(427ffa51e74864f428ab34b98ce07668) Importer(815301076,1909f56bfc062723c751e8b465ee728b)  -> (artifact id: '8d82b8c2b95b5dd644314abf3f7676e9') in 0.001759 seconds
  Import took 0.005396 seconds .

========================================================================
Received Import Request.
  Time since last request: 78.666029 seconds.
  path: Assets/Prefabs/StartPoint.prefab
  artifactKey: Guid(f17bef28b97faa7468d5c77b44efbc50) Importer(815301076,1909f56bfc062723c751e8b465ee728b)
Start importing Assets/Prefabs/StartPoint.prefab using Guid(f17bef28b97faa7468d5c77b44efbc50) Importer(815301076,1909f56bfc062723c751e8b465ee728b)  -> (artifact id: '73004e81c340b2dd7115648693303342') in 0.006745 seconds
  Import took 0.011004 seconds .

========================================================================
Received Prepare
Registering precompiled user dll's ...
Registered in 0.003190 seconds.
Begin MonoManager ReloadAssembly
Native extension for WindowsStandalone target not found
Refreshing native plugins compatible for Editor in 0.56 ms, found 2 plugins.
Preloading 0 native plugins for Editor in 0.00 ms.
Mono: successfully reloaded assembly
- Completed reload, in  0.857 seconds
Platform modules already initialized, skipping
Shader 'Universal Render Pipeline/Particles/Lit': fallback shader 'Universal Render Pipeline/Particles/SimpleLit' not found
Refreshing native plugins compatible for Editor in 0.54 ms, found 2 plugins.
Preloading 0 native plugins for Editor in 0.00 ms.
Unloading 2694 Unused Serialized files (Serialized files now loaded: 0)
System memory in use before: 148.2 MB.
System memory in use after: 147.8 MB.

Unloading 29 unused Assets to reduce memory usage. Loaded Objects now: 3303.
Total: 2.396200 ms (FindLiveObjects: 0.228200 ms CreateObjectMapping: 0.108700 ms MarkObjects: 1.786600 ms  DeleteObjects: 0.271700 ms)

========================================================================
Received Prepare
Registering precompiled user dll's ...
Registered in 0.003312 seconds.
Begin MonoManager ReloadAssembly
Native extension for WindowsStandalone target not found
Refreshing native plugins compatible for Editor in 0.72 ms, found 2 plugins.
Preloading 0 native plugins for Editor in 0.00 ms.
Mono: successfully reloaded assembly
- Completed reload, in  0.858 seconds
Platform modules already initialized, skipping
Shader 'Universal Render Pipeline/Particles/Lit': fallback shader 'Universal Render Pipeline/Particles/SimpleLit' not found
Refreshing native plugins compatible for Editor in 0.54 ms, found 2 plugins.
Preloading 0 native plugins for Editor in 0.00 ms.
Unloading 2694 Unused Serialized files (Serialized files now loaded: 0)
System memory in use before: 148.3 MB.
System memory in use after: 147.8 MB.

Unloading 27 unused Assets to reduce memory usage. Loaded Objects now: 3306.
Total: 2.245600 ms (FindLiveObjects: 0.209500 ms CreateObjectMapping: 0.088200 ms MarkObjects: 1.677600 ms  DeleteObjects: 0.269700 ms)

========================================================================
Received Import Request.
  Time since last request: 121.014542 seconds.
  path: Assets/Scripts/UI&Managers/UIManager.cs
  artifactKey: Guid(dd5c73597651b6746bb20ca50a60db95) Importer(815301076,1909f56bfc062723c751e8b465ee728b)
Start importing Assets/Scripts/UI&Managers/UIManager.cs using Guid(dd5c73597651b6746bb20ca50a60db95) Importer(815301076,1909f56bfc062723c751e8b465ee728b)  -> (artifact id: '5d6572d8ce7e1d0cd43cba3ef049f5d7') in 0.003859 seconds
  Import took 0.007750 seconds .

========================================================================
Received Prepare
Registering precompiled user dll's ...
Registered in 0.003179 seconds.
Begin MonoManager ReloadAssembly
Native extension for WindowsStandalone target not found
Refreshing native plugins compatible for Editor in 0.56 ms, found 2 plugins.
Preloading 0 native plugins for Editor in 0.00 ms.
Mono: successfully reloaded assembly
- Completed reload, in  0.835 seconds
Platform modules already initialized, skipping
Shader 'Universal Render Pipeline/Particles/Lit': fallback shader 'Universal Render Pipeline/Particles/SimpleLit' not found
Refreshing native plugins compatible for Editor in 0.54 ms, found 2 plugins.
Preloading 0 native plugins for Editor in 0.00 ms.
Unloading 2694 Unused Serialized files (Serialized files now loaded: 0)
System memory in use before: 148.3 MB.
System memory in use after: 147.9 MB.

Unloading 27 unused Assets to reduce memory usage. Loaded Objects now: 3309.
Total: 2.270400 ms (FindLiveObjects: 0.224400 ms CreateObjectMapping: 0.102500 ms MarkObjects: 1.665700 ms  DeleteObjects: 0.276900 ms)

========================================================================
Received Prepare
Registering precompiled user dll's ...
Registered in 0.003119 seconds.
Begin MonoManager ReloadAssembly
Native extension for WindowsStandalone target not found
Refreshing native plugins compatible for Editor in 0.54 ms, found 2 plugins.
Preloading 0 native plugins for Editor in 0.00 ms.
Mono: successfully reloaded assembly
- Completed reload, in  0.823 seconds
Platform modules already initialized, skipping
Shader 'Universal Render Pipeline/Particles/Lit': fallback shader 'Universal Render Pipeline/Particles/SimpleLit' not found
Refreshing native plugins compatible for Editor in 0.53 ms, found 2 plugins.
Preloading 0 native plugins for Editor in 0.00 ms.
Unloading 2694 Unused Serialized files (Serialized files now loaded: 0)
System memory in use before: 148.3 MB.
System memory in use after: 147.9 MB.

Unloading 27 unused Assets to reduce memory usage. Loaded Objects now: 3312.
Total: 2.383700 ms (FindLiveObjects: 0.201500 ms CreateObjectMapping: 0.095600 ms MarkObjects: 1.786800 ms  DeleteObjects: 0.299000 ms)

========================================================================
Received Import Request.
  Time since last request: 35.231740 seconds.
  path: Assets/Prefabs/Link.prefab
  artifactKey: Guid(461cebba272650f4fbdfc19dc1e08633) Importer(815301076,1909f56bfc062723c751e8b465ee728b)
Start importing Assets/Prefabs/Link.prefab using Guid(461cebba272650f4fbdfc19dc1e08633) Importer(815301076,1909f56bfc062723c751e8b465ee728b)  -> (artifact id: '9900556b9a3f7c55bfc4ba90cc2972fb') in 0.161620 seconds
  Import took 0.166251 seconds .

========================================================================
Received Import Request.
  Time since last request: 38.308668 seconds.
  path: Assets/Prefabs/Link.prefab
  artifactKey: Guid(461cebba272650f4fbdfc19dc1e08633) Importer(815301076,1909f56bfc062723c751e8b465ee728b)
Start importing Assets/Prefabs/Link.prefab using Guid(461cebba272650f4fbdfc19dc1e08633) Importer(815301076,1909f56bfc062723c751e8b465ee728b)  -> (artifact id: '19b7568d6badfabb9bb2163de521912c') in 0.018859 seconds
  Import took 0.023758 seconds .

========================================================================
Received Import Request.
  Time since last request: 0.035303 seconds.
  path: Assets/Prefabs/Link.prefab
  artifactKey: Guid(461cebba272650f4fbdfc19dc1e08633) Importer(815301076,1909f56bfc062723c751e8b465ee728b)
Start importing Assets/Prefabs/Link.prefab using Guid(461cebba272650f4fbdfc19dc1e08633) Importer(815301076,1909f56bfc062723c751e8b465ee728b)  -> (artifact id: '19b7568d6badfabb9bb2163de521912c') in 0.018444 seconds
  Import took 0.022719 seconds .

========================================================================
Received Prepare
Registering precompiled user dll's ...
Registered in 0.003082 seconds.
Begin MonoManager ReloadAssembly
Native extension for WindowsStandalone target not found
Refreshing native plugins compatible for Editor in 0.55 ms, found 2 plugins.
Preloading 0 native plugins for Editor in 0.00 ms.
Mono: successfully reloaded assembly
- Completed reload, in  0.844 seconds
Platform modules already initialized, skipping
Shader 'Universal Render Pipeline/Particles/Lit': fallback shader 'Universal Render Pipeline/Particles/SimpleLit' not found
Refreshing native plugins compatible for Editor in 0.54 ms, found 2 plugins.
Preloading 0 native plugins for Editor in 0.00 ms.
Unloading 2694 Unused Serialized files (Serialized files now loaded: 0)
System memory in use before: 148.5 MB.
System memory in use after: 148.0 MB.

Unloading 29 unused Assets to reduce memory usage. Loaded Objects now: 3351.
Total: 2.431000 ms (FindLiveObjects: 0.214100 ms CreateObjectMapping: 0.102600 ms MarkObjects: 1.824800 ms  DeleteObjects: 0.288700 ms)

========================================================================
Received Prepare
Registering precompiled user dll's ...
Registered in 0.003183 seconds.
Begin MonoManager ReloadAssembly
Native extension for WindowsStandalone target not found
Refreshing native plugins compatible for Editor in 0.53 ms, found 2 plugins.
Preloading 0 native plugins for Editor in 0.00 ms.
Mono: successfully reloaded assembly
- Completed reload, in  0.823 seconds
Platform modules already initialized, skipping
Shader 'Universal Render Pipeline/Particles/Lit': fallback shader 'Universal Render Pipeline/Particles/SimpleLit' not found
Refreshing native plugins compatible for Editor in 0.54 ms, found 2 plugins.
Preloading 0 native plugins for Editor in 0.00 ms.
Unloading 2694 Unused Serialized files (Serialized files now loaded: 0)
System memory in use before: 148.5 MB.
System memory in use after: 148.0 MB.

Unloading 27 unused Assets to reduce memory usage. Loaded Objects now: 3354.
Total: 2.454900 ms (FindLiveObjects: 0.252600 ms CreateObjectMapping: 0.154800 ms MarkObjects: 1.760400 ms  DeleteObjects: 0.286500 ms)

========================================================================
Received Prepare
Registering precompiled user dll's ...
Registered in 0.003210 seconds.
Begin MonoManager ReloadAssembly
Native extension for WindowsStandalone target not found
Refreshing native plugins compatible for Editor in 0.54 ms, found 2 plugins.
Preloading 0 native plugins for Editor in 0.00 ms.
Mono: successfully reloaded assembly
- Completed reload, in  0.814 seconds
Platform modules already initialized, skipping
Shader 'Universal Render Pipeline/Particles/Lit': fallback shader 'Universal Render Pipeline/Particles/SimpleLit' not found
Refreshing native plugins compatible for Editor in 0.54 ms, found 2 plugins.
Preloading 0 native plugins for Editor in 0.00 ms.
Unloading 2694 Unused Serialized files (Serialized files now loaded: 0)
System memory in use before: 148.3 MB.
System memory in use after: 147.9 MB.

Unloading 27 unused Assets to reduce memory usage. Loaded Objects now: 3357.
Total: 2.257200 ms (FindLiveObjects: 0.201800 ms CreateObjectMapping: 0.094300 ms MarkObjects: 1.668800 ms  DeleteObjects: 0.291800 ms)

========================================================================
Received Prepare
Registering precompiled user dll's ...
Registered in 0.003119 seconds.
Begin MonoManager ReloadAssembly
Native extension for WindowsStandalone target not found
Refreshing native plugins compatible for Editor in 0.54 ms, found 2 plugins.
Preloading 0 native plugins for Editor in 0.00 ms.
Mono: successfully reloaded assembly
- Completed reload, in  0.830 seconds
Platform modules already initialized, skipping
Shader 'Universal Render Pipeline/Particles/Lit': fallback shader 'Universal Render Pipeline/Particles/SimpleLit' not found
Refreshing native plugins compatible for Editor in 0.54 ms, found 2 plugins.
Preloading 0 native plugins for Editor in 0.00 ms.
Unloading 2694 Unused Serialized files (Serialized files now loaded: 0)
System memory in use before: 148.3 MB.
System memory in use after: 147.9 MB.

Unloading 27 unused Assets to reduce memory usage. Loaded Objects now: 3360.
Total: 2.300600 ms (FindLiveObjects: 0.227000 ms CreateObjectMapping: 0.105300 ms MarkObjects: 1.671800 ms  DeleteObjects: 0.295900 ms)

========================================================================
Received Prepare
Registering precompiled user dll's ...
Registered in 0.003143 seconds.
Begin MonoManager ReloadAssembly
Native extension for WindowsStandalone target not found
Refreshing native plugins compatible for Editor in 0.56 ms, found 2 plugins.
Preloading 0 native plugins for Editor in 0.00 ms.
Mono: successfully reloaded assembly
- Completed reload, in  0.841 seconds
Platform modules already initialized, skipping
Shader 'Universal Render Pipeline/Particles/Lit': fallback shader 'Universal Render Pipeline/Particles/SimpleLit' not found
Refreshing native plugins compatible for Editor in 0.54 ms, found 2 plugins.
Preloading 0 native plugins for Editor in 0.00 ms.
Unloading 2694 Unused Serialized files (Serialized files now loaded: 0)
System memory in use before: 148.3 MB.
System memory in use after: 147.9 MB.

Unloading 27 unused Assets to reduce memory usage. Loaded Objects now: 3363.
Total: 2.383500 ms (FindLiveObjects: 0.247700 ms CreateObjectMapping: 0.112500 ms MarkObjects: 1.717900 ms  DeleteObjects: 0.304600 ms)

========================================================================
Received Prepare
Registering precompiled user dll's ...
Registered in 0.003118 seconds.
Begin MonoManager ReloadAssembly
Native extension for WindowsStandalone target not found
Refreshing native plugins compatible for Editor in 0.54 ms, found 2 plugins.
Preloading 0 native plugins for Editor in 0.00 ms.
Mono: successfully reloaded assembly
- Completed reload, in  0.840 seconds
Platform modules already initialized, skipping
Shader 'Universal Render Pipeline/Particles/Lit': fallback shader 'Universal Render Pipeline/Particles/SimpleLit' not found
Refreshing native plugins compatible for Editor in 0.53 ms, found 2 plugins.
Preloading 0 native plugins for Editor in 0.00 ms.
Unloading 2694 Unused Serialized files (Serialized files now loaded: 0)
System memory in use before: 148.3 MB.
System memory in use after: 147.9 MB.

Unloading 27 unused Assets to reduce memory usage. Loaded Objects now: 3366.
Total: 2.262100 ms (FindLiveObjects: 0.215000 ms CreateObjectMapping: 0.100000 ms MarkObjects: 1.653100 ms  DeleteObjects: 0.293300 ms)

========================================================================
Received Import Request.
  Time since last request: 518.290411 seconds.
  path: Assets/Animations/ScreenLoading/BreatheFireIi-2z9W.ttf
  artifactKey: Guid(f0825a8db30e8c849894af62b9ad49e3) Importer(815301076,1909f56bfc062723c751e8b465ee728b)
Start importing Assets/Animations/ScreenLoading/BreatheFireIi-2z9W.ttf using Guid(f0825a8db30e8c849894af62b9ad49e3) Importer(815301076,1909f56bfc062723c751e8b465ee728b)  -> (artifact id: '8680f88230f4bbc1bde2128f276769b8') in 0.164211 seconds
  Import took 0.168426 seconds .

========================================================================
Received Import Request.
  Time since last request: 32.711234 seconds.
  path: Assets/TextMesh Pro/Fonts/LiberationSans.ttf
  artifactKey: Guid(e3265ab4bf004d28a9537516768c1c75) Importer(815301076,1909f56bfc062723c751e8b465ee728b)
Start importing Assets/TextMesh Pro/Fonts/LiberationSans.ttf using Guid(e3265ab4bf004d28a9537516768c1c75) Importer(815301076,1909f56bfc062723c751e8b465ee728b)  -> (artifact id: 'c2ed9200ddfdd4aaa07f1651adf10761') in 0.012446 seconds
  Import took 0.016258 seconds .

========================================================================
Received Import Request.
  Time since last request: 0.000189 seconds.
  path: Assets/Fonts/TheWildBreathOfZelda-15Lv.ttf
  artifactKey: Guid(6250e0dbc8840cb4f85108c4b0f2921a) Importer(815301076,1909f56bfc062723c751e8b465ee728b)
Start importing Assets/Fonts/TheWildBreathOfZelda-15Lv.ttf using Guid(6250e0dbc8840cb4f85108c4b0f2921a) Importer(815301076,1909f56bfc062723c751e8b465ee728b)  -> (artifact id: 'ff54b34073d67052b1494b384ad0cdc5') in 0.022221 seconds
  Import took 0.026526 seconds .

========================================================================
Received Import Request.
  Time since last request: 72.468655 seconds.
  path: Assets/Fonts/BreatheFireIi-2z9W SDF.asset
  artifactKey: Guid(f9b52a69eefc73546b98042648657dc3) Importer(815301076,1909f56bfc062723c751e8b465ee728b)
Start importing Assets/Fonts/BreatheFireIi-2z9W SDF.asset using Guid(f9b52a69eefc73546b98042648657dc3) Importer(815301076,1909f56bfc062723c751e8b465ee728b)  -> (artifact id: 'afbe68be31da03ce01655d7e0597e2c2') in 0.034685 seconds
  Import took 0.039095 seconds .

========================================================================
Received Import Request.
  Time since last request: 241.884710 seconds.
  path: Assets/Fonts/MoriaCitadel.TTF
  artifactKey: Guid(273d20fc8d3eaff4e997ad564717e359) Importer(815301076,1909f56bfc062723c751e8b465ee728b)
Start importing Assets/Fonts/MoriaCitadel.TTF using Guid(273d20fc8d3eaff4e997ad564717e359) Importer(815301076,1909f56bfc062723c751e8b465ee728b)  -> (artifact id: '5413ce35dffee5fcba6e55cb048cdc66') in 0.014364 seconds
  Import took 0.019028 seconds .

========================================================================
Received Import Request.
  Time since last request: 19.297087 seconds.
  path: Assets/Fonts/BreatheFireIi-2z9W SDF.asset
  artifactKey: Guid(f9b52a69eefc73546b98042648657dc3) Importer(815301076,1909f56bfc062723c751e8b465ee728b)
Start importing Assets/Fonts/BreatheFireIi-2z9W SDF.asset using Guid(f9b52a69eefc73546b98042648657dc3) Importer(815301076,1909f56bfc062723c751e8b465ee728b)  -> (artifact id: '24d2b3a6fb315afbb5c2ee53f391ab01') in 0.017213 seconds
  Import took 0.021075 seconds .

========================================================================
Received Import Request.
  Time since last request: 0.001151 seconds.
  path: Assets/Fonts/BreatheFireIi-2z9W SDF.asset
  artifactKey: Guid(f9b52a69eefc73546b98042648657dc3) Importer(815301076,1909f56bfc062723c751e8b465ee728b)
Start importing Assets/Fonts/BreatheFireIi-2z9W SDF.asset using Guid(f9b52a69eefc73546b98042648657dc3) Importer(815301076,1909f56bfc062723c751e8b465ee728b)  -> (artifact id: '24d2b3a6fb315afbb5c2ee53f391ab01') in 0.017168 seconds
  Import took 0.020844 seconds .

========================================================================
Received Import Request.
  Time since last request: 739.902323 seconds.
  path: Assets/Fonts/MoriaCitadel SDF.asset
  artifactKey: Guid(db84d2c296c13c74fad16fc759672336) Importer(815301076,1909f56bfc062723c751e8b465ee728b)
Start importing Assets/Fonts/MoriaCitadel SDF.asset using Guid(db84d2c296c13c74fad16fc759672336) Importer(815301076,1909f56bfc062723c751e8b465ee728b)  -> (artifact id: '327fae22ddc8668f265da5d3b5db3198') in 0.018514 seconds
  Import took 0.022687 seconds .

========================================================================
Received Import Request.
  Time since last request: 375.818421 seconds.
  path: Assets/Fonts/MoriaCitadel SDF.asset
  artifactKey: Guid(db84d2c296c13c74fad16fc759672336) Importer(815301076,1909f56bfc062723c751e8b465ee728b)
Start importing Assets/Fonts/MoriaCitadel SDF.asset using Guid(db84d2c296c13c74fad16fc759672336) Importer(815301076,1909f56bfc062723c751e8b465ee728b)  -> (artifact id: '59af7acc4f9ec2b85269520971864e61') in 0.018516 seconds
  Import took 0.023790 seconds .

========================================================================
Received Import Request.
  Time since last request: 238.400799 seconds.
  path: Assets/Fonts/MoriaCitadel SDF.asset
  artifactKey: Guid(db84d2c296c13c74fad16fc759672336) Importer(815301076,1909f56bfc062723c751e8b465ee728b)
Start importing Assets/Fonts/MoriaCitadel SDF.asset using Guid(db84d2c296c13c74fad16fc759672336) Importer(815301076,1909f56bfc062723c751e8b465ee728b)  -> (artifact id: '40d79ea9cc8d91de97fee3fc9fe585fb') in 0.017621 seconds
  Import took 0.021470 seconds .

========================================================================
Received Import Request.
  Time since last request: 83.858319 seconds.
  path: Assets/Fonts/Dragon Fire.ttf
  artifactKey: Guid(a49587aa9fbae24468b2dd2cb7d218d6) Importer(815301076,1909f56bfc062723c751e8b465ee728b)
Start importing Assets/Fonts/Dragon Fire.ttf using Guid(a49587aa9fbae24468b2dd2cb7d218d6) Importer(815301076,1909f56bfc062723c751e8b465ee728b)  -> (artifact id: '9f8928400c6340266fc1eecf96042cab') in 0.012453 seconds
  Import took 0.016557 seconds .

========================================================================
Received Import Request.
  Time since last request: 0.998339 seconds.
  path: Assets/Fonts/Dragon Fire.otf
  artifactKey: Guid(a217a3933ccd0244597d65a4e4eb7976) Importer(815301076,1909f56bfc062723c751e8b465ee728b)
Start importing Assets/Fonts/Dragon Fire.otf using Guid(a217a3933ccd0244597d65a4e4eb7976) Importer(815301076,1909f56bfc062723c751e8b465ee728b)  -> (artifact id: '8a0a2dccbc3996069f3c2628f6a4c43e') in 0.008925 seconds
  Import took 0.013181 seconds .

========================================================================
Received Import Request.
  Time since last request: 11.934351 seconds.
  path: Assets/Fonts/Dragon Fire.otf
  artifactKey: Guid(a217a3933ccd0244597d65a4e4eb7976) Importer(815301076,1909f56bfc062723c751e8b465ee728b)
Start importing Assets/Fonts/Dragon Fire.otf using Guid(a217a3933ccd0244597d65a4e4eb7976) Importer(815301076,1909f56bfc062723c751e8b465ee728b)  -> (artifact id: '8d469e43e0069835232cc288ec95f2a1') in 0.008212 seconds
  Import took 0.012131 seconds .

========================================================================
Received Import Request.
  Time since last request: 0.000936 seconds.
  path: Assets/Fonts/Dragon Fire.otf
  artifactKey: Guid(a217a3933ccd0244597d65a4e4eb7976) Importer(815301076,1909f56bfc062723c751e8b465ee728b)
Start importing Assets/Fonts/Dragon Fire.otf using Guid(a217a3933ccd0244597d65a4e4eb7976) Importer(815301076,1909f56bfc062723c751e8b465ee728b)  -> (artifact id: '8d469e43e0069835232cc288ec95f2a1') in 0.007459 seconds
  Import took 0.011328 seconds .

========================================================================
Received Import Request.
  Time since last request: 9178.838559 seconds.
  path: Assets/Fonts/Dragon Fire SDF.asset
  artifactKey: Guid(13b05a2b6dbbe7544b93e276ab241851) Importer(815301076,1909f56bfc062723c751e8b465ee728b)
Start importing Assets/Fonts/Dragon Fire SDF.asset using Guid(13b05a2b6dbbe7544b93e276ab241851) Importer(815301076,1909f56bfc062723c751e8b465ee728b)  -> (artifact id: 'e07b7d7316814626d5410356d91fc236') in 0.025416 seconds
  Import took 0.030216 seconds .

========================================================================
Received Import Request.
  Time since last request: 2.702147 seconds.
  path: Assets/Fonts/TheWildBreathOfZelda-15Lv SDF.asset
  artifactKey: Guid(59066539e47d76f4591d0118d3586f8c) Importer(815301076,1909f56bfc062723c751e8b465ee728b)
Start importing Assets/Fonts/TheWildBreathOfZelda-15Lv SDF.asset using Guid(59066539e47d76f4591d0118d3586f8c) Importer(815301076,1909f56bfc062723c751e8b465ee728b)  -> (artifact id: '733d331e9985ba0e34e91f67dfcb3da9') in 0.016961 seconds
  Import took 0.021605 seconds .

========================================================================
Received Import Request.
  Time since last request: 0.000959 seconds.
  path: Assets/Fonts/TheWildBreathOfZelda-15Lv SDF.asset
  artifactKey: Guid(59066539e47d76f4591d0118d3586f8c) Importer(815301076,1909f56bfc062723c751e8b465ee728b)
Start importing Assets/Fonts/TheWildBreathOfZelda-15Lv SDF.asset using Guid(59066539e47d76f4591d0118d3586f8c) Importer(815301076,1909f56bfc062723c751e8b465ee728b)  -> (artifact id: '733d331e9985ba0e34e91f67dfcb3da9') in 0.018211 seconds
  Import took 0.021937 seconds .

========================================================================
Received Import Request.
  Time since last request: 74.307551 seconds.
  path: Assets/Fonts/OtomanopeeOne-Regular.ttf
  artifactKey: Guid(156c3547ef209e940aa4fc2f9758b43a) Importer(815301076,1909f56bfc062723c751e8b465ee728b)
Start importing Assets/Fonts/OtomanopeeOne-Regular.ttf using Guid(156c3547ef209e940aa4fc2f9758b43a) Importer(815301076,1909f56bfc062723c751e8b465ee728b)  -> (artifact id: '7e1741f441b11bb8498842eacf74c599') in 0.011330 seconds
  Import took 0.015584 seconds .

========================================================================
Received Prepare
Registering precompiled user dll's ...
Registered in 0.003126 seconds.
Begin MonoManager ReloadAssembly
Native extension for WindowsStandalone target not found
Refreshing native plugins compatible for Editor in 0.55 ms, found 2 plugins.
Preloading 0 native plugins for Editor in 0.00 ms.
Mono: successfully reloaded assembly
- Completed reload, in  0.846 seconds
Platform modules already initialized, skipping
Shader 'Universal Render Pipeline/Particles/Lit': fallback shader 'Universal Render Pipeline/Particles/SimpleLit' not found
Refreshing native plugins compatible for Editor in 0.57 ms, found 2 plugins.
Preloading 0 native plugins for Editor in 0.00 ms.
Unloading 2694 Unused Serialized files (Serialized files now loaded: 0)
System memory in use before: 148.8 MB.
System memory in use after: 148.5 MB.

Unloading 25 unused Assets to reduce memory usage. Loaded Objects now: 3444.
Total: 2.347300 ms (FindLiveObjects: 0.231300 ms CreateObjectMapping: 0.112500 ms MarkObjects: 1.741200 ms  DeleteObjects: 0.261700 ms)

========================================================================
Received Prepare
Registering precompiled user dll's ...
Registered in 0.003207 seconds.
Begin MonoManager ReloadAssembly
Native extension for WindowsStandalone target not found
Refreshing native plugins compatible for Editor in 0.54 ms, found 2 plugins.
Preloading 0 native plugins for Editor in 0.00 ms.
Mono: successfully reloaded assembly
- Completed reload, in  0.817 seconds
Platform modules already initialized, skipping
Shader 'Universal Render Pipeline/Particles/Lit': fallback shader 'Universal Render Pipeline/Particles/SimpleLit' not found
Refreshing native plugins compatible for Editor in 0.55 ms, found 2 plugins.
Preloading 0 native plugins for Editor in 0.00 ms.
Unloading 2692 Unused Serialized files (Serialized files now loaded: 0)
System memory in use before: 148.6 MB.
System memory in use after: 148.3 MB.

Unloading 25 unused Assets to reduce memory usage. Loaded Objects now: 3447.
Total: 2.344200 ms (FindLiveObjects: 0.231200 ms CreateObjectMapping: 0.101100 ms MarkObjects: 1.756800 ms  DeleteObjects: 0.254500 ms)

========================================================================
Received Prepare
Registering precompiled user dll's ...
Registered in 0.003253 seconds.
Begin MonoManager ReloadAssembly
Native extension for WindowsStandalone target not found
Refreshing native plugins compatible for Editor in 0.59 ms, found 2 plugins.
Preloading 0 native plugins for Editor in 0.00 ms.
Mono: successfully reloaded assembly
- Completed reload, in  0.908 seconds
Platform modules already initialized, skipping
Shader 'Universal Render Pipeline/Particles/Lit': fallback shader 'Universal Render Pipeline/Particles/SimpleLit' not found
Refreshing native plugins compatible for Editor in 0.57 ms, found 2 plugins.
Preloading 0 native plugins for Editor in 0.00 ms.
Unloading 2692 Unused Serialized files (Serialized files now loaded: 0)
System memory in use before: 148.6 MB.
System memory in use after: 148.3 MB.

Unloading 25 unused Assets to reduce memory usage. Loaded Objects now: 3450.
Total: 2.744300 ms (FindLiveObjects: 0.296600 ms CreateObjectMapping: 0.133600 ms MarkObjects: 2.027200 ms  DeleteObjects: 0.285900 ms)

========================================================================
Received Prepare
Registering precompiled user dll's ...
Registered in 0.003179 seconds.
Begin MonoManager ReloadAssembly
Native extension for WindowsStandalone target not found
Refreshing native plugins compatible for Editor in 0.54 ms, found 2 plugins.
Preloading 0 native plugins for Editor in 0.00 ms.
Mono: successfully reloaded assembly
- Completed reload, in  0.835 seconds
Platform modules already initialized, skipping
Shader 'Universal Render Pipeline/Particles/Lit': fallback shader 'Universal Render Pipeline/Particles/SimpleLit' not found
Refreshing native plugins compatible for Editor in 0.53 ms, found 2 plugins.
Preloading 0 native plugins for Editor in 0.00 ms.
Unloading 2692 Unused Serialized files (Serialized files now loaded: 0)
System memory in use before: 148.6 MB.
System memory in use after: 148.3 MB.

Unloading 25 unused Assets to reduce memory usage. Loaded Objects now: 3453.
Total: 2.302800 ms (FindLiveObjects: 0.228100 ms CreateObjectMapping: 0.100200 ms MarkObjects: 1.712200 ms  DeleteObjects: 0.261600 ms)

========================================================================
Received Prepare
Registering precompiled user dll's ...
Registered in 0.003132 seconds.
Begin MonoManager ReloadAssembly
Native extension for WindowsStandalone target not found
Refreshing native plugins compatible for Editor in 0.54 ms, found 2 plugins.
Preloading 0 native plugins for Editor in 0.00 ms.
Mono: successfully reloaded assembly
- Completed reload, in  0.818 seconds
Platform modules already initialized, skipping
Shader 'Universal Render Pipeline/Particles/Lit': fallback shader 'Universal Render Pipeline/Particles/SimpleLit' not found
Refreshing native plugins compatible for Editor in 0.53 ms, found 2 plugins.
Preloading 0 native plugins for Editor in 0.00 ms.
Unloading 2692 Unused Serialized files (Serialized files now loaded: 0)
System memory in use before: 148.6 MB.
System memory in use after: 148.3 MB.

Unloading 25 unused Assets to reduce memory usage. Loaded Objects now: 3456.
Total: 2.334500 ms (FindLiveObjects: 0.244000 ms CreateObjectMapping: 0.112400 ms MarkObjects: 1.725300 ms  DeleteObjects: 0.252100 ms)

========================================================================
Received Prepare
Registering precompiled user dll's ...
Registered in 0.003137 seconds.
Begin MonoManager ReloadAssembly
Native extension for WindowsStandalone target not found
Refreshing native plugins compatible for Editor in 0.54 ms, found 2 plugins.
Preloading 0 native plugins for Editor in 0.00 ms.
Mono: successfully reloaded assembly
- Completed reload, in  0.828 seconds
Platform modules already initialized, skipping
Shader 'Universal Render Pipeline/Particles/Lit': fallback shader 'Universal Render Pipeline/Particles/SimpleLit' not found
Refreshing native plugins compatible for Editor in 0.53 ms, found 2 plugins.
Preloading 0 native plugins for Editor in 0.00 ms.
Unloading 2692 Unused Serialized files (Serialized files now loaded: 0)
System memory in use before: 148.6 MB.
System memory in use after: 148.3 MB.

Unloading 25 unused Assets to reduce memory usage. Loaded Objects now: 3459.
Total: 2.268400 ms (FindLiveObjects: 0.223900 ms CreateObjectMapping: 0.099800 ms MarkObjects: 1.688800 ms  DeleteObjects: 0.255300 ms)

========================================================================
Received Import Request.
  Time since last request: 886.346666 seconds.
  path: Assets/Prefabs/Log_Enemy.prefab
  artifactKey: Guid(40f91202a3deb274b82fdb9e89990023) Importer(815301076,1909f56bfc062723c751e8b465ee728b)
Start importing Assets/Prefabs/Log_Enemy.prefab using Guid(40f91202a3deb274b82fdb9e89990023) Importer(815301076,1909f56bfc062723c751e8b465ee728b)  -> (artifact id: 'b5c275892ff17816455ada1a67c2c12a') in 0.153897 seconds
  Import took 0.158014 seconds .

========================================================================
Received Import Request.
  Time since last request: 14.444273 seconds.
  path: Assets/Prefabs/Link.prefab
  artifactKey: Guid(461cebba272650f4fbdfc19dc1e08633) Importer(815301076,1909f56bfc062723c751e8b465ee728b)
Start importing Assets/Prefabs/Link.prefab using Guid(461cebba272650f4fbdfc19dc1e08633) Importer(815301076,1909f56bfc062723c751e8b465ee728b)  -> (artifact id: '5799844b6c4757503bd72bed53224a0f') in 0.089160 seconds
  Import took 0.093905 seconds .

========================================================================
Received Prepare
Registering precompiled user dll's ...
Registered in 0.003115 seconds.
Begin MonoManager ReloadAssembly
Native extension for WindowsStandalone target not found
Refreshing native plugins compatible for Editor in 0.55 ms, found 2 plugins.
Preloading 0 native plugins for Editor in 0.00 ms.
Mono: successfully reloaded assembly
- Completed reload, in  0.837 seconds
Platform modules already initialized, skipping
Shader 'Universal Render Pipeline/Particles/Lit': fallback shader 'Universal Render Pipeline/Particles/SimpleLit' not found
Refreshing native plugins compatible for Editor in 0.53 ms, found 2 plugins.
Preloading 0 native plugins for Editor in 0.00 ms.
Unloading 2692 Unused Serialized files (Serialized files now loaded: 0)
System memory in use before: 148.7 MB.
System memory in use after: 148.4 MB.

Unloading 27 unused Assets to reduce memory usage. Loaded Objects now: 3498.
Total: 2.463900 ms (FindLiveObjects: 0.241800 ms CreateObjectMapping: 0.105200 ms MarkObjects: 1.851600 ms  DeleteObjects: 0.264400 ms)

========================================================================
Received Prepare
Registering precompiled user dll's ...
Registered in 0.003156 seconds.
Begin MonoManager ReloadAssembly
Native extension for WindowsStandalone target not found
Refreshing native plugins compatible for Editor in 0.54 ms, found 2 plugins.
Preloading 0 native plugins for Editor in 0.00 ms.
Mono: successfully reloaded assembly
- Completed reload, in  0.815 seconds
Platform modules already initialized, skipping
Shader 'Universal Render Pipeline/Particles/Lit': fallback shader 'Universal Render Pipeline/Particles/SimpleLit' not found
Refreshing native plugins compatible for Editor in 0.54 ms, found 2 plugins.
Preloading 0 native plugins for Editor in 0.00 ms.
Unloading 2692 Unused Serialized files (Serialized files now loaded: 0)
System memory in use before: 148.8 MB.
System memory in use after: 148.4 MB.

Unloading 25 unused Assets to reduce memory usage. Loaded Objects now: 3501.
Total: 2.452500 ms (FindLiveObjects: 0.231800 ms CreateObjectMapping: 0.105900 ms MarkObjects: 1.848700 ms  DeleteObjects: 0.265400 ms)

========================================================================
Received Prepare
Registering precompiled user dll's ...
Registered in 0.003200 seconds.
Begin MonoManager ReloadAssembly
Native extension for WindowsStandalone target not found
Refreshing native plugins compatible for Editor in 0.55 ms, found 2 plugins.
Preloading 0 native plugins for Editor in 0.00 ms.
Mono: successfully reloaded assembly
- Completed reload, in  0.823 seconds
Platform modules already initialized, skipping
Shader 'Universal Render Pipeline/Particles/Lit': fallback shader 'Universal Render Pipeline/Particles/SimpleLit' not found
Refreshing native plugins compatible for Editor in 0.55 ms, found 2 plugins.
Preloading 0 native plugins for Editor in 0.00 ms.
Unloading 2692 Unused Serialized files (Serialized files now loaded: 0)
System memory in use before: 148.8 MB.
System memory in use after: 148.4 MB.

Unloading 25 unused Assets to reduce memory usage. Loaded Objects now: 3504.
Total: 2.703400 ms (FindLiveObjects: 0.240900 ms CreateObjectMapping: 0.109200 ms MarkObjects: 2.078400 ms  DeleteObjects: 0.274200 ms)

========================================================================
Received Prepare
Registering precompiled user dll's ...
Registered in 0.003258 seconds.
Begin MonoManager ReloadAssembly
Native extension for WindowsStandalone target not found
Refreshing native plugins compatible for Editor in 0.54 ms, found 2 plugins.
Preloading 0 native plugins for Editor in 0.00 ms.
Mono: successfully reloaded assembly
- Completed reload, in  0.831 seconds
Platform modules already initialized, skipping
Shader 'Universal Render Pipeline/Particles/Lit': fallback shader 'Universal Render Pipeline/Particles/SimpleLit' not found
Refreshing native plugins compatible for Editor in 0.54 ms, found 2 plugins.
Preloading 0 native plugins for Editor in 0.00 ms.
Unloading 2692 Unused Serialized files (Serialized files now loaded: 0)
System memory in use before: 148.8 MB.
System memory in use after: 148.4 MB.

Unloading 25 unused Assets to reduce memory usage. Loaded Objects now: 3507.
Total: 3.312500 ms (FindLiveObjects: 0.385500 ms CreateObjectMapping: 0.185400 ms MarkObjects: 2.412700 ms  DeleteObjects: 0.328300 ms)

========================================================================
Received Prepare
Registering precompiled user dll's ...
Registered in 0.003149 seconds.
Begin MonoManager ReloadAssembly
Native extension for WindowsStandalone target not found
Refreshing native plugins compatible for Editor in 0.53 ms, found 2 plugins.
Preloading 0 native plugins for Editor in 0.00 ms.
Mono: successfully reloaded assembly
- Completed reload, in  0.814 seconds
Platform modules already initialized, skipping
Shader 'Universal Render Pipeline/Particles/Lit': fallback shader 'Universal Render Pipeline/Particles/SimpleLit' not found
Refreshing native plugins compatible for Editor in 0.53 ms, found 2 plugins.
Preloading 0 native plugins for Editor in 0.00 ms.
Unloading 2692 Unused Serialized files (Serialized files now loaded: 0)
System memory in use before: 148.8 MB.
System memory in use after: 148.4 MB.

Unloading 25 unused Assets to reduce memory usage. Loaded Objects now: 3510.
Total: 2.367600 ms (FindLiveObjects: 0.221300 ms CreateObjectMapping: 0.097300 ms MarkObjects: 1.756200 ms  DeleteObjects: 0.292100 ms)

========================================================================
Received Prepare
Registering precompiled user dll's ...
Registered in 0.003094 seconds.
Begin MonoManager ReloadAssembly
Native extension for WindowsStandalone target not found
Refreshing native plugins compatible for Editor in 0.53 ms, found 2 plugins.
Preloading 0 native plugins for Editor in 0.00 ms.
Mono: successfully reloaded assembly
- Completed reload, in  0.810 seconds
Platform modules already initialized, skipping
Shader 'Universal Render Pipeline/Particles/Lit': fallback shader 'Universal Render Pipeline/Particles/SimpleLit' not found
Refreshing native plugins compatible for Editor in 0.54 ms, found 2 plugins.
Preloading 0 native plugins for Editor in 0.00 ms.
Unloading 2692 Unused Serialized files (Serialized files now loaded: 0)
System memory in use before: 148.8 MB.
System memory in use after: 148.4 MB.

Unloading 25 unused Assets to reduce memory usage. Loaded Objects now: 3513.
Total: 2.347000 ms (FindLiveObjects: 0.230900 ms CreateObjectMapping: 0.103400 ms MarkObjects: 1.754900 ms  DeleteObjects: 0.257200 ms)

========================================================================
Received Prepare
Registering precompiled user dll's ...
Registered in 0.003302 seconds.
Begin MonoManager ReloadAssembly
Native extension for WindowsStandalone target not found
Refreshing native plugins compatible for Editor in 0.54 ms, found 2 plugins.
Preloading 0 native plugins for Editor in 0.00 ms.
Mono: successfully reloaded assembly
- Completed reload, in  0.842 seconds
Platform modules already initialized, skipping
Shader 'Universal Render Pipeline/Particles/Lit': fallback shader 'Universal Render Pipeline/Particles/SimpleLit' not found
Refreshing native plugins compatible for Editor in 0.53 ms, found 2 plugins.
Preloading 0 native plugins for Editor in 0.00 ms.
Unloading 2692 Unused Serialized files (Serialized files now loaded: 0)
System memory in use before: 148.8 MB.
System memory in use after: 148.5 MB.

Unloading 25 unused Assets to reduce memory usage. Loaded Objects now: 3516.
Total: 2.373700 ms (FindLiveObjects: 0.277400 ms CreateObjectMapping: 0.104100 ms MarkObjects: 1.703200 ms  DeleteObjects: 0.288300 ms)

========================================================================
Received Import Request.
  Time since last request: 676.673133 seconds.
  path: Assets/Prefabs/Link.prefab
  artifactKey: Guid(461cebba272650f4fbdfc19dc1e08633) Importer(815301076,1909f56bfc062723c751e8b465ee728b)
Start importing Assets/Prefabs/Link.prefab using Guid(461cebba272650f4fbdfc19dc1e08633) Importer(815301076,1909f56bfc062723c751e8b465ee728b)  -> (artifact id: '869e7fe415bef45a870a0e9a47455257') in 0.224819 seconds
  Import took 0.229620 seconds .

========================================================================
Received Prepare
Registering precompiled user dll's ...
Registered in 0.003280 seconds.
Begin MonoManager ReloadAssembly
Native extension for WindowsStandalone target not found
Refreshing native plugins compatible for Editor in 0.53 ms, found 2 plugins.
Preloading 0 native plugins for Editor in 0.00 ms.
Mono: successfully reloaded assembly
- Completed reload, in  0.830 seconds
Platform modules already initialized, skipping
Shader 'Universal Render Pipeline/Particles/Lit': fallback shader 'Universal Render Pipeline/Particles/SimpleLit' not found
Refreshing native plugins compatible for Editor in 0.53 ms, found 2 plugins.
Preloading 0 native plugins for Editor in 0.00 ms.
Unloading 2692 Unused Serialized files (Serialized files now loaded: 0)
System memory in use before: 149.0 MB.
System memory in use after: 148.6 MB.

Unloading 27 unused Assets to reduce memory usage. Loaded Objects now: 3555.
Total: 2.397200 ms (FindLiveObjects: 0.226900 ms CreateObjectMapping: 0.098300 ms MarkObjects: 1.777800 ms  DeleteObjects: 0.293500 ms)

========================================================================
Received Import Request.
  Time since last request: 824.417000 seconds.
  path: Assets/Prefabs/Link.prefab
  artifactKey: Guid(461cebba272650f4fbdfc19dc1e08633) Importer(815301076,1909f56bfc062723c751e8b465ee728b)
Start importing Assets/Prefabs/Link.prefab using Guid(461cebba272650f4fbdfc19dc1e08633) Importer(815301076,1909f56bfc062723c751e8b465ee728b)  -> (artifact id: '6c1a245c4603cb92572bf84ca4838bd7') in 0.213847 seconds
  Import took 0.219210 seconds .

========================================================================
Received Import Request.
  Time since last request: 50.134031 seconds.
  path: Assets/Sprites/Backgound/cave.png
  artifactKey: Guid(2f9f6cbe9df978e4f9e3e4e468d53f7a) Importer(815301076,1909f56bfc062723c751e8b465ee728b)
Start importing Assets/Sprites/Backgound/cave.png using Guid(2f9f6cbe9df978e4f9e3e4e468d53f7a) Importer(815301076,1909f56bfc062723c751e8b465ee728b)  -> (artifact id: '5e476581e999381ba549ebb1936422f6') in 0.129401 seconds
  Import took 0.133841 seconds .

========================================================================
Received Import Request.
  Time since last request: 0.002251 seconds.
  path: Assets/Sprites/Backgound/cave.png
  artifactKey: Guid(2f9f6cbe9df978e4f9e3e4e468d53f7a) Importer(815301076,1909f56bfc062723c751e8b465ee728b)
Start importing Assets/Sprites/Backgound/cave.png using Guid(2f9f6cbe9df978e4f9e3e4e468d53f7a) Importer(815301076,1909f56bfc062723c751e8b465ee728b)  -> (artifact id: '5e476581e999381ba549ebb1936422f6') in 0.103675 seconds
  Import took 0.107879 seconds .

========================================================================
Received Import Request.
  Time since last request: 6.138807 seconds.
  path: Assets/Images/Cave_Background.jpg
  artifactKey: Guid(fe7f5a888710a73459620a2f3a547c81) Importer(815301076,1909f56bfc062723c751e8b465ee728b)
Start importing Assets/Images/Cave_Background.jpg using Guid(fe7f5a888710a73459620a2f3a547c81) Importer(815301076,1909f56bfc062723c751e8b465ee728b)  -> (artifact id: '788c2cd8dcf3f90f6d83b331e75581a3') in 0.018787 seconds
  Import took 0.023160 seconds .

========================================================================
Received Import Request.
  Time since last request: 0.000202 seconds.
  path: Assets/Sprites/Character/Cyclops Sprite Sheet.png
  artifactKey: Guid(8b7731844b92e454cb61026f1700630e) Importer(815301076,1909f56bfc062723c751e8b465ee728b)
Start importing Assets/Sprites/Character/Cyclops Sprite Sheet.png using Guid(8b7731844b92e454cb61026f1700630e) Importer(815301076,1909f56bfc062723c751e8b465ee728b)  -> (artifact id: '41bb80115906e4b694dddb46d2f2e364') in 0.189013 seconds
  Import took 0.193570 seconds .

========================================================================
Received Import Request.
  Time since last request: 0.000201 seconds.
  path: Assets/Sprites/Character/Worm Sprite Sheet.png
  artifactKey: Guid(b5203bf11228b8a4ba1e96cbd0f934d8) Importer(815301076,1909f56bfc062723c751e8b465ee728b)
Start importing Assets/Sprites/Character/Worm Sprite Sheet.png using Guid(b5203bf11228b8a4ba1e96cbd0f934d8) Importer(815301076,1909f56bfc062723c751e8b465ee728b)  -> (artifact id: '6c61935f602c590425e603f0c5cdd8ce') in 0.064553 seconds
  Import took 0.068488 seconds .

========================================================================
Received Import Request.
  Time since last request: 0.000206 seconds.
  path: Assets/Sprites/Character/link.png
  artifactKey: Guid(314fa466c6a117041a8173462e55819f) Importer(815301076,1909f56bfc062723c751e8b465ee728b)
Start importing Assets/Sprites/Character/link.png using Guid(314fa466c6a117041a8173462e55819f) Importer(815301076,1909f56bfc062723c751e8b465ee728b)  -> (artifact id: '04c3bdb8136a72b8d66b68a65dd860c8') in 0.130709 seconds
  Import took 0.134679 seconds .

========================================================================
Received Import Request.
  Time since last request: 0.000188 seconds.
  path: Assets/Sprites/Slashes/Right_Slash.png
  artifactKey: Guid(66f9974b79c9fe740af8d0dff289d05b) Importer(815301076,1909f56bfc062723c751e8b465ee728b)
Start importing Assets/Sprites/Slashes/Right_Slash.png using Guid(66f9974b79c9fe740af8d0dff289d05b) Importer(815301076,1909f56bfc062723c751e8b465ee728b)  -> (artifact id: 'f6e4611ccc37de11abdf57628bf9b2a3') in 0.014691 seconds
  Import took 0.018241 seconds .

========================================================================
Received Import Request.
  Time since last request: 0.000233 seconds.
  path: Assets/Sprites/Backgound/Inner.png
  artifactKey: Guid(09b125a17ade03a4883318ea68d9e50d) Importer(815301076,1909f56bfc062723c751e8b465ee728b)
Start importing Assets/Sprites/Backgound/Inner.png using Guid(09b125a17ade03a4883318ea68d9e50d) Importer(815301076,1909f56bfc062723c751e8b465ee728b)  -> (artifact id: '427d38664e38407246f1b4fa7ee29e36') in 0.200393 seconds
  Import took 0.205078 seconds .

========================================================================
Received Import Request.
  Time since last request: 0.000285 seconds.
  path: Assets/Sprites/Backgound/Overworld.png
  artifactKey: Guid(56783f35597cc0b4288cd3e5312008c7) Importer(815301076,1909f56bfc062723c751e8b465ee728b)
Start importing Assets/Sprites/Backgound/Overworld.png using Guid(56783f35597cc0b4288cd3e5312008c7) Importer(815301076,1909f56bfc062723c751e8b465ee728b)  -> (artifact id: '16d701acf2c3b78d83f26841767e8717') in 0.761431 seconds
  Import took 0.768652 seconds .

========================================================================
Received Import Request.
  Time since last request: 0.000207 seconds.
  path: Assets/Sprites/Slashes/Up_Slash.png
  artifactKey: Guid(4ad13b0b75c5c4b45ae5d9dc7d4bb521) Importer(815301076,1909f56bfc062723c751e8b465ee728b)
Start importing Assets/Sprites/Slashes/Up_Slash.png using Guid(4ad13b0b75c5c4b45ae5d9dc7d4bb521) Importer(815301076,1909f56bfc062723c751e8b465ee728b)  -> (artifact id: 'f560532aaf0426b09f1427217355f728') in 0.014386 seconds
  Import took 0.018031 seconds .

========================================================================
Received Import Request.
  Time since last request: 9.359391 seconds.
  path: Assets/Fonts/Dragon Fire SDF.asset
  artifactKey: Guid(13b05a2b6dbbe7544b93e276ab241851) Importer(815301076,1909f56bfc062723c751e8b465ee728b)
Start importing Assets/Fonts/Dragon Fire SDF.asset using Guid(13b05a2b6dbbe7544b93e276ab241851) Importer(815301076,1909f56bfc062723c751e8b465ee728b)  -> (artifact id: '2ad9515a6bd0cec3dd835c45d83ac167') in 0.025737 seconds
  Import took 0.030039 seconds .

========================================================================
Received Import Request.
  Time since last request: 0.000182 seconds.
  path: Assets/TextMesh Pro/Resources/Fonts & Materials/LiberationSans SDF - Drop Shadow.mat
  artifactKey: Guid(e73a58f6e2794ae7b1b7e50b7fb811b0) Importer(815301076,1909f56bfc062723c751e8b465ee728b)
Start importing Assets/TextMesh Pro/Resources/Fonts & Materials/LiberationSans SDF - Drop Shadow.mat using Guid(e73a58f6e2794ae7b1b7e50b7fb811b0) Importer(815301076,1909f56bfc062723c751e8b465ee728b)  -> (artifact id: 'ea3ef1c127bded577db6572345ef26bb') in 0.032615 seconds
  Import took 0.036626 seconds .

========================================================================
Received Import Request.
  Time since last request: 0.000229 seconds.
  path: Assets/Fonts/Dragon Fire SDF.asset
  artifactKey: Guid(13b05a2b6dbbe7544b93e276ab241851) Importer(815301076,1909f56bfc062723c751e8b465ee728b)
Start importing Assets/Fonts/Dragon Fire SDF.asset using Guid(13b05a2b6dbbe7544b93e276ab241851) Importer(815301076,1909f56bfc062723c751e8b465ee728b)  -> (artifact id: '2ad9515a6bd0cec3dd835c45d83ac167') in 0.015947 seconds
  Import took 0.019668 seconds .

========================================================================
Received Import Request.
  Time since last request: 0.000219 seconds.
  path: Assets/TextMesh Pro/Resources/Fonts & Materials/LiberationSans SDF - Drop Shadow.mat
  artifactKey: Guid(e73a58f6e2794ae7b1b7e50b7fb811b0) Importer(815301076,1909f56bfc062723c751e8b465ee728b)
Start importing Assets/TextMesh Pro/Resources/Fonts & Materials/LiberationSans SDF - Drop Shadow.mat using Guid(e73a58f6e2794ae7b1b7e50b7fb811b0) Importer(815301076,1909f56bfc062723c751e8b465ee728b)  -> (artifact id: 'ea3ef1c127bded577db6572345ef26bb') in 0.021132 seconds
  Import took 0.025006 seconds .

========================================================================
Received Import Request.
  Time since last request: 2.889259 seconds.
  path: Assets/TextMesh Pro/Resources/Fonts & Materials/LiberationSans SDF - Outline.mat
  artifactKey: Guid(79459efec17a4d00a321bdcc27bbc385) Importer(815301076,1909f56bfc062723c751e8b465ee728b)
Start importing Assets/TextMesh Pro/Resources/Fonts & Materials/LiberationSans SDF - Outline.mat using Guid(79459efec17a4d00a321bdcc27bbc385) Importer(815301076,1909f56bfc062723c751e8b465ee728b)  -> (artifact id: '7500b3b38a5814788934a62e0481abab') in 0.022373 seconds
  Import took 0.027146 seconds .

========================================================================
Received Import Request.
  Time since last request: 0.000233 seconds.
  path: Assets/TextMesh Pro/Resources/Fonts & Materials/LiberationSans SDF - Fallback.asset
  artifactKey: Guid(2e498d1c8094910479dc3e1b768306a4) Importer(815301076,1909f56bfc062723c751e8b465ee728b)
Start importing Assets/TextMesh Pro/Resources/Fonts & Materials/LiberationSans SDF - Fallback.asset using Guid(2e498d1c8094910479dc3e1b768306a4) Importer(815301076,1909f56bfc062723c751e8b465ee728b)  -> (artifact id: '3a149a9acfc02d3c148c09b95ae639f3') in 0.013733 seconds
  Import took 0.017472 seconds .

========================================================================
Received Import Request.
  Time since last request: 0.614277 seconds.
  path: Assets/TextMesh Pro/Resources/Fonts & Materials/LiberationSans SDF.asset
  artifactKey: Guid(8f586378b4e144a9851e7b34d9b748ee) Importer(815301076,1909f56bfc062723c751e8b465ee728b)
Start importing Assets/TextMesh Pro/Resources/Fonts & Materials/LiberationSans SDF.asset using Guid(8f586378b4e144a9851e7b34d9b748ee) Importer(815301076,1909f56bfc062723c751e8b465ee728b)  -> (artifact id: 'd405d8617581424e92c889ff54714742') in 0.028254 seconds
  Import took 0.033017 seconds .

========================================================================
Received Import Request.
  Time since last request: 0.000230 seconds.
  path: Assets/Materials/Light.mat
  artifactKey: Guid(167b975b0402d8a4c8792f6c0d86d34d) Importer(815301076,1909f56bfc062723c751e8b465ee728b)
Start importing Assets/Materials/Light.mat using Guid(167b975b0402d8a4c8792f6c0d86d34d) Importer(815301076,1909f56bfc062723c751e8b465ee728b)  -> (artifact id: '27e7c21b5c075440ceeade308d844de8') in 0.015539 seconds
  Import took 0.019319 seconds .

========================================================================
Received Import Request.
  Time since last request: 0.051028 seconds.
  path: Assets/Fonts/OtomanopeeOne SDF.asset
  artifactKey: Guid(9a79ff3d4cd7a2d4b8c82788a8b31c23) Importer(815301076,1909f56bfc062723c751e8b465ee728b)
Start importing Assets/Fonts/OtomanopeeOne SDF.asset using Guid(9a79ff3d4cd7a2d4b8c82788a8b31c23) Importer(815301076,1909f56bfc062723c751e8b465ee728b)  -> (artifact id: '135a135ec2e31caa4fec6338cf4a1b99') in 0.015329 seconds
  Import took 0.019287 seconds .

========================================================================
Received Import Request.
  Time since last request: 0.000200 seconds.
  path: Assets/Materials/PixelSnap.mat
  artifactKey: Guid(d7e76d7e30c70004497bb6ad6a10be45) Importer(815301076,1909f56bfc062723c751e8b465ee728b)
Start importing Assets/Materials/PixelSnap.mat using Guid(d7e76d7e30c70004497bb6ad6a10be45) Importer(815301076,1909f56bfc062723c751e8b465ee728b)  -> (artifact id: 'd04e99b058b28a9fa0147ffa7f90ad43') in 0.013800 seconds
  Import took 0.017315 seconds .

========================================================================
Received Import Request.
  Time since last request: 0.396128 seconds.
  path: Assets/Sprites/Character/Sprite-Lit-Default.mat
  artifactKey: Guid(53e687d66a4f6d34a871516f214af158) Importer(815301076,1909f56bfc062723c751e8b465ee728b)
Start importing Assets/Sprites/Character/Sprite-Lit-Default.mat using Guid(53e687d66a4f6d34a871516f214af158) Importer(815301076,1909f56bfc062723c751e8b465ee728b)  -> (artifact id: 'c71943eb277880f5cc4f395a880ac9e6') in 0.012148 seconds
  Import took 0.016268 seconds .

========================================================================
Received Import Request.
  Time since last request: 857.145407 seconds.
  path: Assets/Sprites/Slashes/Down_Slash.png
  artifactKey: Guid(8b2edb7447483b94a8b693765a60d14f) Importer(815301076,1909f56bfc062723c751e8b465ee728b)
Start importing Assets/Sprites/Slashes/Down_Slash.png using Guid(8b2edb7447483b94a8b693765a60d14f) Importer(815301076,1909f56bfc062723c751e8b465ee728b)  -> (artifact id: '32ea5107dd068e14b6481c7d2ea4cb32') in 0.014649 seconds
  Import took 0.019758 seconds .

========================================================================
Received Import Request.
  Time since last request: 0.150670 seconds.
  path: Assets/Images/ItemBox.png
  artifactKey: Guid(5af5e2f63cd23964bbebc194d38d4906) Importer(815301076,1909f56bfc062723c751e8b465ee728b)
Start importing Assets/Images/ItemBox.png using Guid(5af5e2f63cd23964bbebc194d38d4906) Importer(815301076,1909f56bfc062723c751e8b465ee728b)  -> (artifact id: '95ac0209c1835e148b17eae645251973') in 0.010348 seconds
  Import took 0.014597 seconds .

========================================================================
Received Import Request.
  Time since last request: 0.000242 seconds.
  path: Assets/Sprites/Slashes/Left_Slash.png
  artifactKey: Guid(e9be18180db64ce4dadd74c6c48739b7) Importer(815301076,1909f56bfc062723c751e8b465ee728b)
Start importing Assets/Sprites/Slashes/Left_Slash.png using Guid(e9be18180db64ce4dadd74c6c48739b7) Importer(815301076,1909f56bfc062723c751e8b465ee728b)  -> (artifact id: 'eae932a15e0d63eb522884d89d70907d') in 0.012129 seconds
  Import took 0.016159 seconds .

========================================================================
Received Import Request.
  Time since last request: 0.387263 seconds.
  path: Assets/Sprites/Slashes/Sword_Swing.png
  artifactKey: Guid(33cc2c1a206113b43ae0916b9a371161) Importer(815301076,1909f56bfc062723c751e8b465ee728b)
Start importing Assets/Sprites/Slashes/Sword_Swing.png using Guid(33cc2c1a206113b43ae0916b9a371161) Importer(815301076,1909f56bfc062723c751e8b465ee728b)  -> (artifact id: '9236ea1415f06e596143f9fc21f8da36') in 0.014364 seconds
  Import took 0.018492 seconds .

========================================================================
Received Import Request.
  Time since last request: 164.212998 seconds.
  path: Assets/Images/ItemBox.png
  artifactKey: Guid(5af5e2f63cd23964bbebc194d38d4906) Importer(815301076,1909f56bfc062723c751e8b465ee728b)
Start importing Assets/Images/ItemBox.png using Guid(5af5e2f63cd23964bbebc194d38d4906) Importer(815301076,1909f56bfc062723c751e8b465ee728b)  -> (artifact id: '6c30312128db05de86a42952ae0bc400') in 0.009368 seconds
  Import took 0.013371 seconds .

========================================================================
Received Import Request.
  Time since last request: 0.001092 seconds.
  path: Assets/Images/ItemBox.png
  artifactKey: Guid(5af5e2f63cd23964bbebc194d38d4906) Importer(815301076,1909f56bfc062723c751e8b465ee728b)
Start importing Assets/Images/ItemBox.png using Guid(5af5e2f63cd23964bbebc194d38d4906) Importer(815301076,1909f56bfc062723c751e8b465ee728b)  -> (artifact id: '6c30312128db05de86a42952ae0bc400') in 0.006456 seconds
  Import took 0.010719 seconds .

========================================================================
Received Import Request.
  Time since last request: 136.521172 seconds.
  path: Assets/Images/Menu_Background.jpg
  artifactKey: Guid(1ca814ccd1625c341a87f21ca2b494b7) Importer(815301076,1909f56bfc062723c751e8b465ee728b)
Start importing Assets/Images/Menu_Background.jpg using Guid(1ca814ccd1625c341a87f21ca2b494b7) Importer(815301076,1909f56bfc062723c751e8b465ee728b)  -> (artifact id: 'b1c8d3e9e31ebbece7da46e8599c4b58') in 0.013709 seconds
  Import took 0.018210 seconds .

========================================================================
Received Import Request.
  Time since last request: 0.492302 seconds.
  path: Assets/Images/ItemBox.png
  artifactKey: Guid(5af5e2f63cd23964bbebc194d38d4906) Importer(815301076,1909f56bfc062723c751e8b465ee728b)
Start importing Assets/Images/ItemBox.png using Guid(5af5e2f63cd23964bbebc194d38d4906) Importer(815301076,1909f56bfc062723c751e8b465ee728b)  -> (artifact id: 'a0aa49ff9a93ce306cdacdda0be83cf5') in 0.010117 seconds
  Import took 0.014635 seconds .

========================================================================
Received Import Request.
  Time since last request: 490.490515 seconds.
  path: Assets/Images/output-onlinepngtools.png
  artifactKey: Guid(c4f66f23cac4f6946afe0d222a285a40) Importer(815301076,1909f56bfc062723c751e8b465ee728b)
Start importing Assets/Images/output-onlinepngtools.png using Guid(c4f66f23cac4f6946afe0d222a285a40) Importer(815301076,1909f56bfc062723c751e8b465ee728b)  -> (artifact id: 'a172730dd1f4cf547bcbc0e709060d65') in 0.009514 seconds
  Import took 0.014174 seconds .

========================================================================
Received Import Request.
  Time since last request: 7.306076 seconds.
  path: Assets/Images/ItemBox.png
  artifactKey: Guid(c4f66f23cac4f6946afe0d222a285a40) Importer(815301076,1909f56bfc062723c751e8b465ee728b)
Start importing Assets/Images/ItemBox.png using Guid(c4f66f23cac4f6946afe0d222a285a40) Importer(815301076,1909f56bfc062723c751e8b465ee728b)  -> (artifact id: '0cb556ae1e4a051e1790591680927dc0') in 0.005482 seconds
  Import took 0.009793 seconds .

========================================================================
Received Import Request.
  Time since last request: 1.313122 seconds.
  path: Assets/Images/circle.png
  artifactKey: Guid(066e1d8a4c65b624da1c18e50cff3c86) Importer(815301076,1909f56bfc062723c751e8b465ee728b)
Start importing Assets/Images/circle.png using Guid(066e1d8a4c65b624da1c18e50cff3c86) Importer(815301076,1909f56bfc062723c751e8b465ee728b)  -> (artifact id: 'f156f3d9e8609bd7b4915e907f74442d') in 0.014106 seconds
  Import took 0.017964 seconds .

========================================================================
Received Import Request.
  Time since last request: 6.184878 seconds.
  path: Assets/Images/Circle.png
  artifactKey: Guid(066e1d8a4c65b624da1c18e50cff3c86) Importer(815301076,1909f56bfc062723c751e8b465ee728b)
Start importing Assets/Images/Circle.png using Guid(066e1d8a4c65b624da1c18e50cff3c86) Importer(815301076,1909f56bfc062723c751e8b465ee728b)  -> (artifact id: '1b9b3d8c6e03c69feff17f7bf228dc08') in 0.011402 seconds
  Import took 0.015661 seconds .

========================================================================
Received Import Request.
  Time since last request: 404.364625 seconds.
  path: Assets/Prefabs/Link.prefab
  artifactKey: Guid(461cebba272650f4fbdfc19dc1e08633) Importer(815301076,1909f56bfc062723c751e8b465ee728b)
Start importing Assets/Prefabs/Link.prefab using Guid(461cebba272650f4fbdfc19dc1e08633) Importer(815301076,1909f56bfc062723c751e8b465ee728b)  -> (artifact id: '0362dbb98c5a194c9c6569a9fba26f0e') in 0.051448 seconds
  Import took 0.056087 seconds .

========================================================================
Received Import Request.
  Time since last request: 114.678996 seconds.
  path: Assets/Images/ItemBox2.png
  artifactKey: Guid(bf200c4083fd66b4bbe0c5460c92328d) Importer(815301076,1909f56bfc062723c751e8b465ee728b)
Start importing Assets/Images/ItemBox2.png using Guid(bf200c4083fd66b4bbe0c5460c92328d) Importer(815301076,1909f56bfc062723c751e8b465ee728b)  -> (artifact id: '2b8b817752b748d43ec6ed2d624c75b6') in 0.013528 seconds
  Import took 0.017577 seconds .

========================================================================
Received Prepare
Registering precompiled user dll's ...
Registered in 0.107149 seconds.
Begin MonoManager ReloadAssembly
Native extension for WindowsStandalone target not found
Refreshing native plugins compatible for Editor in 0.54 ms, found 2 plugins.
Preloading 0 native plugins for Editor in 0.00 ms.
Mono: successfully reloaded assembly
- Completed reload, in  0.935 seconds
Platform modules already initialized, skipping
Shader 'Universal Render Pipeline/Particles/Lit': fallback shader 'Universal Render Pipeline/Particles/SimpleLit' not found
Refreshing native plugins compatible for Editor in 0.56 ms, found 2 plugins.
Preloading 0 native plugins for Editor in 0.00 ms.
Unloading 2692 Unused Serialized files (Serialized files now loaded: 0)
System memory in use before: 150.6 MB.
System memory in use after: 150.3 MB.

Unloading 27 unused Assets to reduce memory usage. Loaded Objects now: 3898.
Total: 2.733800 ms (FindLiveObjects: 0.304400 ms CreateObjectMapping: 0.119200 ms MarkObjects: 2.041100 ms  DeleteObjects: 0.268300 ms)

========================================================================
Received Prepare
Registering precompiled user dll's ...
Registered in 0.003112 seconds.
Begin MonoManager ReloadAssembly
Native extension for WindowsStandalone target not found
Refreshing native plugins compatible for Editor in 0.57 ms, found 2 plugins.
Preloading 0 native plugins for Editor in 0.00 ms.
Mono: successfully reloaded assembly
- Completed reload, in  0.920 seconds
Platform modules already initialized, skipping
Shader 'Universal Render Pipeline/Particles/Lit': fallback shader 'Universal Render Pipeline/Particles/SimpleLit' not found
Refreshing native plugins compatible for Editor in 0.62 ms, found 2 plugins.
Preloading 0 native plugins for Editor in 0.00 ms.
Unloading 2692 Unused Serialized files (Serialized files now loaded: 0)
System memory in use before: 150.6 MB.
System memory in use after: 150.3 MB.

Unloading 25 unused Assets to reduce memory usage. Loaded Objects now: 3901.
Total: 2.850100 ms (FindLiveObjects: 0.339300 ms CreateObjectMapping: 0.201300 ms MarkObjects: 2.034000 ms  DeleteObjects: 0.274700 ms)

========================================================================
Received Prepare
Registering precompiled user dll's ...
Registered in 0.003674 seconds.
Begin MonoManager ReloadAssembly
Native extension for WindowsStandalone target not found
Refreshing native plugins compatible for Editor in 0.64 ms, found 2 plugins.
Preloading 0 native plugins for Editor in 0.00 ms.
Mono: successfully reloaded assembly
- Completed reload, in  0.932 seconds
Platform modules already initialized, skipping
Shader 'Universal Render Pipeline/Particles/Lit': fallback shader 'Universal Render Pipeline/Particles/SimpleLit' not found
Refreshing native plugins compatible for Editor in 0.56 ms, found 2 plugins.
Preloading 0 native plugins for Editor in 0.00 ms.
Unloading 2692 Unused Serialized files (Serialized files now loaded: 0)
System memory in use before: 150.6 MB.
System memory in use after: 150.3 MB.

Unloading 25 unused Assets to reduce memory usage. Loaded Objects now: 3904.
Total: 2.965400 ms (FindLiveObjects: 0.302600 ms CreateObjectMapping: 0.115100 ms MarkObjects: 2.248000 ms  DeleteObjects: 0.298700 ms)

========================================================================
Received Import Request.
  Time since last request: 11294.243019 seconds.
  path: Assets/Images/ItemBox2.png
  artifactKey: Guid(bf200c4083fd66b4bbe0c5460c92328d) Importer(815301076,1909f56bfc062723c751e8b465ee728b)
Start importing Assets/Images/ItemBox2.png using Guid(bf200c4083fd66b4bbe0c5460c92328d) Importer(815301076,1909f56bfc062723c751e8b465ee728b)  -> (artifact id: 'd7867b8ed7a8b8ea6ad071701d134cb6') in 0.065074 seconds
  Import took 0.069301 seconds .

========================================================================
Received Import Request.
  Time since last request: 9.948251 seconds.
  path: Assets/Images/ItemBox.png
  artifactKey: Guid(bf200c4083fd66b4bbe0c5460c92328d) Importer(815301076,1909f56bfc062723c751e8b465ee728b)
Start importing Assets/Images/ItemBox.png using Guid(bf200c4083fd66b4bbe0c5460c92328d) Importer(815301076,1909f56bfc062723c751e8b465ee728b)  -> (artifact id: '380987f2c8c503cc67c49f260132ee0a') in 0.016641 seconds
  Import took 0.020694 seconds .

========================================================================
Received Import Request.
  Time since last request: 0.262844 seconds.
  path: Assets/Music/BgMusic/House.mp3
  artifactKey: Guid(da9fce7395f819b4197ae8857f4c06c6) Importer(815301076,1909f56bfc062723c751e8b465ee728b)
Start importing Assets/Music/BgMusic/House.mp3 using Guid(da9fce7395f819b4197ae8857f4c06c6) Importer(815301076,1909f56bfc062723c751e8b465ee728b)  -> (artifact id: '3ec33591062cd99dc62093840eeb0fcc') in 0.027742 seconds
  Import took 0.031995 seconds .

========================================================================
Received Import Request.
  Time since last request: 1.043583 seconds.
  path: Assets/Images
  artifactKey: Guid(38fd720f57e47554a8a8a0c8e98fced5) Importer(815301076,1909f56bfc062723c751e8b465ee728b)
Start importing Assets/Images using Guid(38fd720f57e47554a8a8a0c8e98fced5) Importer(815301076,1909f56bfc062723c751e8b465ee728b)  -> (artifact id: '52099249af3277f6472a3e42aca704f8') in 0.005600 seconds
  Import took 0.009449 seconds .

========================================================================
Received Import Request.
  Time since last request: 13.447439 seconds.
  path: Assets/Images/Item Sprites
  artifactKey: Guid(92d7eeddce764324ca9ba057ddca3733) Importer(815301076,1909f56bfc062723c751e8b465ee728b)
Start importing Assets/Images/Item Sprites using Guid(92d7eeddce764324ca9ba057ddca3733) Importer(815301076,1909f56bfc062723c751e8b465ee728b)  -> (artifact id: '9c4b1a56d5d55f321b11a6859e6e6a4f') in 0.005020 seconds
  Import took 0.008856 seconds .

========================================================================
Received Import Request.
  Time since last request: 59.568659 seconds.
  path: Assets/Images/Item Sprites/Sword_Item.png
  artifactKey: Guid(1d76e0822b684ab45940c68a9ad2bf51) Importer(815301076,1909f56bfc062723c751e8b465ee728b)
Start importing Assets/Images/Item Sprites/Sword_Item.png using Guid(1d76e0822b684ab45940c68a9ad2bf51) Importer(815301076,1909f56bfc062723c751e8b465ee728b)  -> (artifact id: '71a25740a234d205cd858069fe135044') in 0.010292 seconds
  Import took 0.014204 seconds .

========================================================================
Received Import Request.
  Time since last request: 0.019663 seconds.
  path: Assets/Images/Item Sprites/Sword_Item.png
  artifactKey: Guid(1d76e0822b684ab45940c68a9ad2bf51) Importer(815301076,1909f56bfc062723c751e8b465ee728b)
Start importing Assets/Images/Item Sprites/Sword_Item.png using Guid(1d76e0822b684ab45940c68a9ad2bf51) Importer(815301076,1909f56bfc062723c751e8b465ee728b)  -> (artifact id: '71a25740a234d205cd858069fe135044') in 0.006818 seconds
  Import took 0.010747 seconds .

========================================================================
Received Prepare
Registering precompiled user dll's ...
Registered in 0.003221 seconds.
Begin MonoManager ReloadAssembly
Native extension for WindowsStandalone target not found
Refreshing native plugins compatible for Editor in 0.54 ms, found 2 plugins.
Preloading 0 native plugins for Editor in 0.00 ms.
Mono: successfully reloaded assembly
- Completed reload, in  0.840 seconds
Platform modules already initialized, skipping
Shader 'Universal Render Pipeline/Particles/Lit': fallback shader 'Universal Render Pipeline/Particles/SimpleLit' not found
Refreshing native plugins compatible for Editor in 0.54 ms, found 2 plugins.
Preloading 0 native plugins for Editor in 0.00 ms.
Unloading 2692 Unused Serialized files (Serialized files now loaded: 0)
System memory in use before: 150.7 MB.
System memory in use after: 150.4 MB.

Unloading 25 unused Assets to reduce memory usage. Loaded Objects now: 3910.
Total: 2.570100 ms (FindLiveObjects: 0.269400 ms CreateObjectMapping: 0.106600 ms MarkObjects: 1.871500 ms  DeleteObjects: 0.321900 ms)

========================================================================
Received Import Request.
  Time since last request: 5.414633 seconds.
  path: Assets/Images/Item Sprites/Sword_Item.png
  artifactKey: Guid(1d76e0822b684ab45940c68a9ad2bf51) Importer(815301076,1909f56bfc062723c751e8b465ee728b)
Start importing Assets/Images/Item Sprites/Sword_Item.png using Guid(1d76e0822b684ab45940c68a9ad2bf51) Importer(815301076,1909f56bfc062723c751e8b465ee728b)  -> (artifact id: '0bd2b7919eb65193e75dcafa98ef7704') in 0.050670 seconds
  Import took 0.055879 seconds .

========================================================================
Received Import Request.
  Time since last request: 6.834095 seconds.
  path: Assets/Images/Item Sprites/Sword_Item.png
  artifactKey: Guid(1d76e0822b684ab45940c68a9ad2bf51) Importer(815301076,1909f56bfc062723c751e8b465ee728b)
Start importing Assets/Images/Item Sprites/Sword_Item.png using Guid(1d76e0822b684ab45940c68a9ad2bf51) Importer(815301076,1909f56bfc062723c751e8b465ee728b)  -> (artifact id: 'db7f894104c3cefdaa375b851f99b667') in 0.006704 seconds
  Import took 0.010914 seconds .

========================================================================
Received Prepare
Registering precompiled user dll's ...
Registered in 0.003103 seconds.
Begin MonoManager ReloadAssembly
Native extension for WindowsStandalone target not found
Refreshing native plugins compatible for Editor in 0.58 ms, found 2 plugins.
Preloading 0 native plugins for Editor in 0.00 ms.
Mono: successfully reloaded assembly
- Completed reload, in  0.882 seconds
Platform modules already initialized, skipping
Shader 'Universal Render Pipeline/Particles/Lit': fallback shader 'Universal Render Pipeline/Particles/SimpleLit' not found
Refreshing native plugins compatible for Editor in 0.54 ms, found 2 plugins.
Preloading 0 native plugins for Editor in 0.00 ms.
Unloading 2692 Unused Serialized files (Serialized files now loaded: 0)
System memory in use before: 150.7 MB.
System memory in use after: 150.4 MB.

Unloading 25 unused Assets to reduce memory usage. Loaded Objects now: 3914.
Total: 2.458000 ms (FindLiveObjects: 0.264300 ms CreateObjectMapping: 0.105700 ms MarkObjects: 1.823400 ms  DeleteObjects: 0.263900 ms)

========================================================================
Received Prepare
Registering precompiled user dll's ...
Registered in 0.003147 seconds.
Begin MonoManager ReloadAssembly
Native extension for WindowsStandalone target not found
Refreshing native plugins compatible for Editor in 0.54 ms, found 2 plugins.
Preloading 0 native plugins for Editor in 0.00 ms.
Mono: successfully reloaded assembly
- Completed reload, in  0.828 seconds
Platform modules already initialized, skipping
Shader 'Universal Render Pipeline/Particles/Lit': fallback shader 'Universal Render Pipeline/Particles/SimpleLit' not found
Refreshing native plugins compatible for Editor in 0.54 ms, found 2 plugins.
Preloading 0 native plugins for Editor in 0.00 ms.
Unloading 2692 Unused Serialized files (Serialized files now loaded: 0)
System memory in use before: 150.7 MB.
System memory in use after: 150.4 MB.

Unloading 25 unused Assets to reduce memory usage. Loaded Objects now: 3917.
Total: 2.511500 ms (FindLiveObjects: 0.261300 ms CreateObjectMapping: 0.108600 ms MarkObjects: 1.879100 ms  DeleteObjects: 0.261900 ms)

========================================================================
Received Prepare
Registering precompiled user dll's ...
Registered in 0.003225 seconds.
Begin MonoManager ReloadAssembly
Native extension for WindowsStandalone target not found
Refreshing native plugins compatible for Editor in 0.59 ms, found 2 plugins.
Preloading 0 native plugins for Editor in 0.00 ms.
Mono: successfully reloaded assembly
- Completed reload, in  0.812 seconds
Platform modules already initialized, skipping
Shader 'Universal Render Pipeline/Particles/Lit': fallback shader 'Universal Render Pipeline/Particles/SimpleLit' not found
Refreshing native plugins compatible for Editor in 0.53 ms, found 2 plugins.
Preloading 0 native plugins for Editor in 0.00 ms.
Unloading 2692 Unused Serialized files (Serialized files now loaded: 0)
System memory in use before: 150.7 MB.
System memory in use after: 150.4 MB.

Unloading 25 unused Assets to reduce memory usage. Loaded Objects now: 3920.
Total: 2.507100 ms (FindLiveObjects: 0.289200 ms CreateObjectMapping: 0.121100 ms MarkObjects: 1.831800 ms  DeleteObjects: 0.264300 ms)

AssetImportWorkerClient::OnTransportError - code=2 error=End of file
